<?xml version="1.0" encoding="UTF-8"?>
<coverage generated="1784798739278" clover="3.2.0">
  <project timestamp="1784798739279" name="All files">
    <metrics statements="17" coveredstatements="16" conditionals="4" coveredconditionals="4" methods="6" coveredmethods="5" elements="27" coveredelements="25" complexity="0" loc="17" ncloc="17" packages="1" files="2" classes="2"/>
    <file name="NoteForm.jsx" path="C:\practise\part2-notes-frontend\src\components\NoteForm.jsx">
      <metrics statements="8" coveredstatements="8" conditionals="0" coveredconditionals="0" methods="3" coveredmethods="3"/>
      <line num="3" count="1" type="stmt"/>
      <line num="4" count="19" type="stmt"/>
      <line num="6" count="19" type="stmt"/>
      <line num="7" count="1" type="stmt"/>
      <line num="8" count="1" type="stmt"/>
      <line num="13" count="1" type="stmt"/>
      <line num="16" count="19" type="stmt"/>
      <line num="23" count="17" type="stmt"/>
    </file>
    <file name="Togglable.jsx" path="C:\practise\part2-notes-frontend\src\components\Togglable.jsx">
      <metrics statements="9" coveredstatements="8" conditionals="4" coveredconditionals="4" methods="3" coveredmethods="2"/>
      <line num="3" count="1" type="stmt"/>
      <line num="4" count="4" type="stmt"/>
      <line num="6" count="4" type="cond" truecount="2" falsecount="0"/>
      <line num="7" count="4" type="cond" truecount="2" falsecount="0"/>
      <line num="9" count="4" type="stmt"/>
      <line num="10" count="1" type="stmt"/>
      <line num="13" count="4" type="stmt"/>
      <line num="14" count="0" type="stmt"/>
      <line num="16" count="4" type="stmt"/>
    </file>
  </project>
</coverage>
