{"C:\\practise\\part2-notes-frontend\\src\\components\\NoteForm.jsx": {"path":"C:\\practise\\part2-notes-frontend\\src\\components\\NoteForm.jsx","statementMap":{"0":{"start":{"line":3,"column":17},"end":{"line":29,"column":null}},"1":{"start":{"line":4,"column":28},"end":{"line":4,"column":null}},"2":{"start":{"line":6,"column":18},"end":{"line":14,"column":null}},"3":{"start":{"line":7,"column":4},"end":{"line":7,"column":null}},"4":{"start":{"line":8,"column":4},"end":{"line":11,"column":null}},"5":{"start":{"line":13,"column":4},"end":{"line":13,"column":null}},"6":{"start":{"line":16,"column":2},"end":{"line":27,"column":null}},"7":{"start":{"line":23,"column":31},"end":{"line":23,"column":null}}},"fnMap":{"0":{"name":"(anonymous_0)","decl":{"start":{"line":3,"column":17},"end":{"line":3,"column":18}},"loc":{"start":{"line":3,"column":37},"end":{"line":29,"column":null}},"line":3},"1":{"name":"(anonymous_1)","decl":{"start":{"line":6,"column":18},"end":{"line":6,"column":19}},"loc":{"start":{"line":6,"column":29},"end":{"line":14,"column":null}},"line":6},"2":{"name":"(anonymous_2)","decl":{"start":{"line":23,"column":20},"end":{"line":23,"column":21}},"loc":{"start":{"line":23,"column":31},"end":{"line":23,"column":null}},"line":23}},"branchMap":{},"s":{"0":1,"1":19,"2":19,"3":1,"4":1,"5":1,"6":19,"7":17},"f":{"0":19,"1":1,"2":17},"b":{},"meta":{"lastBranch":0,"lastFunction":3,"lastStatement":8,"seen":{"s:3:17:29:Infinity":0,"f:3:17:3:18":0,"s:4:28:4:Infinity":1,"s:6:18:14:Infinity":2,"f:6:18:6:19":1,"s:7:4:7:Infinity":3,"s:8:4:11:Infinity":4,"s:13:4:13:Infinity":5,"s:16:2:27:Infinity":6,"f:23:20:23:21":2,"s:23:31:23:Infinity":7},"fnNames":{}}}
,"C:\\practise\\part2-notes-frontend\\src\\components\\Togglable.jsx": {"path":"C:\\practise\\part2-notes-frontend\\src\\components\\Togglable.jsx","statementMap":{"0":{"start":{"line":3,"column":18},"end":{"line":27,"column":null}},"1":{"start":{"line":4,"column":28},"end":{"line":4,"column":null}},"2":{"start":{"line":6,"column":26},"end":{"line":6,"column":null}},"3":{"start":{"line":7,"column":26},"end":{"line":7,"column":null}},"4":{"start":{"line":9,"column":27},"end":{"line":11,"column":null}},"5":{"start":{"line":10,"column":4},"end":{"line":10,"column":null}},"6":{"start":{"line":13,"column":2},"end":{"line":15,"column":null}},"7":{"start":{"line":14,"column":4},"end":{"line":14,"column":null}},"8":{"start":{"line":16,"column":2},"end":{"line":25,"column":null}}},"fnMap":{"0":{"name":"(anonymous_0)","decl":{"start":{"line":3,"column":18},"end":{"line":3,"column":19}},"loc":{"start":{"line":3,"column":29},"end":{"line":27,"column":null}},"line":3},"1":{"name":"(anonymous_1)","decl":{"start":{"line":9,"column":27},"end":{"line":9,"column":33}},"loc":{"start":{"line":9,"column":33},"end":{"line":11,"column":null}},"line":9},"2":{"name":"(anonymous_2)","decl":{"start":{"line":13,"column":33},"end":{"line":13,"column":39}},"loc":{"start":{"line":13,"column":39},"end":{"line":15,"column":3}},"line":13}},"branchMap":{"0":{"loc":{"start":{"line":6,"column":37},"end":{"line":6,"column":59}},"type":"cond-expr","locations":[{"start":{"line":6,"column":47},"end":{"line":6,"column":56}},{"start":{"line":6,"column":56},"end":{"line":6,"column":59}}],"line":6},"1":{"loc":{"start":{"line":7,"column":37},"end":{"line":7,"column":59}},"type":"cond-expr","locations":[{"start":{"line":7,"column":47},"end":{"line":7,"column":52}},{"start":{"line":7,"column":52},"end":{"line":7,"column":59}}],"line":7}},"s":{"0":1,"1":4,"2":4,"3":4,"4":4,"5":1,"6":4,"7":0,"8":4},"f":{"0":4,"1":1,"2":0},"b":{"0":[1,3],"1":[1,3]},"meta":{"lastBranch":2,"lastFunction":3,"lastStatement":9,"seen":{"s:3:18:27:Infinity":0,"f:3:18:3:19":0,"s:4:28:4:Infinity":1,"s:6:26:6:Infinity":2,"b:6:47:6:56:6:56:6:59":0,"s:7:26:7:Infinity":3,"b:7:47:7:52:7:52:7:59":1,"s:9:27:11:Infinity":4,"f:9:27:9:33":1,"s:10:4:10:Infinity":5,"s:13:2:15:Infinity":6,"f:13:33:13:39":2,"s:14:4:14:Infinity":7,"s:16:2:25:Infinity":8},"fnNames":{}}}
}
